#
# A fatal error has been detected by the Java Runtime Environment:
#
#  EXCEPTION_ACCESS_VIOLATION (0xc0000005) at pc=0x63121b4c, pid=26152, tid=0x000061e4
#
# JRE version: Java(TM) SE Runtime Environment (8.0_141-b15) (build 1.8.0_141-b15)
# Java VM: Java HotSpot(TM) Client VM (25.141-b15 mixed mode windows-x86 )
# Problematic frame:
# C  [opencv_highgui248.dll+0x11b4c]
#
# Failed to write core dump. Minidumps are not enabled by default on client versions of Windows
#
# If you would like to submit a bug report, please visit:
#   http://bugreport.java.com/bugreport/crash.jsp
# The crash happened outside the Java Virtual Machine in native code.
# See problematic frame for where to report the bug.
#

---------------  T H R E A D  ---------------

Current thread (0x15bbfc00):  JavaThread "Thread-3" [_thread_in_native, id=25060, stack(0x17e90000,0x17ee0000)]

siginfo: ExceptionCode=0xc0000005, reading address 0x00000000

Registers:
EAX=0x00000000, EBX=0x00000000, ECX=0xb4ef5a3f, EDX=0x62acc300
ESP=0x17edf0d4, EBP=0x17edf2f4, ESI=0x00000000, EDI=0x15baec98
EIP=0x63121b4c, EFLAGS=0x00010246

Top of Stack: (sp=0x17edf0d4)
0x17edf0d4:   15baec98 71bd5584 00000000 00000001
0x17edf0e4:   174339b8 1742ba34 00000000 00000000
0x17edf0f4:   00000000 00000000 00000000 00000000
0x17edf104:   00000000 00000000 00000000 00000000
0x17edf114:   00000000 00000000 00000000 00000000
0x17edf124:   00000000 00000000 00000000 00000000
0x17edf134:   00000000 00000000 00000000 00000000
0x17edf144:   00000000 00000000 00000000 00000000 

Instructions: (pc=0x63121b4c)
0x63121b2c:   0e 00 8b 85 f4 fd ff ff 8b 10 8b 52 30 83 c4 0c
0x63121b3c:   8d 8d f8 fd ff ff 51 50 ff d2 8b 85 f8 fe ff ff
0x63121b4c:   8b 08 8b 51 08 50 ff d2 68 ff 00 00 00 8d 85 fc
0x63121b5c:   fe ff ff 53 50 33 f6 e8 18 7d 0e 00 83 c4 0c 66 


Register to memory mapping:

EAX=0x00000000 is an unknown value
EBX=0x00000000 is an unknown value
ECX=0xb4ef5a3f is an unknown value
EDX=0x62acc300 is an unknown value
ESP=0x17edf0d4 is pointing into the stack for thread: 0x15bbfc00
EBP=0x17edf2f4 is pointing into the stack for thread: 0x15bbfc00
ESI=0x00000000 is an unknown value
EDI=0x15baec98 is an unknown value


Stack: [0x17e90000,0x17ee0000],  sp=0x17edf0d4,  free space=316k
Native frames: (J=compiled Java code, j=interpreted, Vv=VM code, C=native code)
C  [opencv_highgui248.dll+0x11b4c]
C  [opencv_highgui248.dll+0x11e9e]
C  [opencv_highgui248.dll+0x15b8d]
C  [opencv_highgui248.dll+0x15cab]
C  [opencv_highgui248.dll+0x1613c]
C  [opencv_highgui248.dll+0x14736]
C  [opencv_highgui248.dll+0x1194]
C  [jniopencv_highgui.dll+0x597d]
j  com.googlecode.javacv.cpp.opencv_highgui.cvCreateCameraCapture(I)Lcom/googlecode/javacv/cpp/opencv_highgui$CvCapture;+0
j  miniproject.gui.Face.FaceCapture.run()V+1
j  java.lang.Thread.run()V+11
v  ~StubRoutines::call_stub
V  [jvm.dll+0x15af45]
V  [jvm.dll+0x2213ae]
V  [jvm.dll+0x15afde]
V  [jvm.dll+0x15b166]
V  [jvm.dll+0x15b1d7]
V  [jvm.dll+0xff36f]
V  [jvm.dll+0x17dc30]
V  [jvm.dll+0x17e4aa]
V  [jvm.dll+0x1c2ec6]
C  [msvcr100.dll+0x5c556]
C  [msvcr100.dll+0x5c600]
C  [KERNEL32.DLL+0x18744]
C  [ntdll.dll+0x6582d]
C  [ntdll.dll+0x657fd]
C  0x00000000

Java frames: (J=compiled Java code, j=interpreted, Vv=VM code)
j  com.googlecode.javacv.cpp.opencv_highgui.cvCreateCameraCapture(I)Lcom/googlecode/javacv/cpp/opencv_highgui$CvCapture;+0
j  miniproject.gui.Face.FaceCapture.run()V+1
j  java.lang.Thread.run()V+11
v  ~StubRoutines::call_stub

---------------  P R O C E S S  ---------------

Java Threads: ( => current thread )
  0x15bbd400 JavaThread "Thread-4" [_thread_in_native, id=28428, stack(0x19720000,0x19770000)]
=>0x15bbfc00 JavaThread "Thread-3" [_thread_in_native, id=25060, stack(0x17e90000,0x17ee0000)]
  0x00f2d800 JavaThread "DestroyJavaVM" [_thread_blocked, id=27984, stack(0x029f0000,0x02a40000)]
  0x1599ac00 JavaThread "AWT-EventQueue-0" [_thread_blocked, id=25924, stack(0x15ff0000,0x16040000)]
  0x1593d000 JavaThread "AWT-Windows" daemon [_thread_in_native, id=28324, stack(0x15e70000,0x15ec0000)]
  0x1593a000 JavaThread "AWT-Shutdown" [_thread_blocked, id=3532, stack(0x15de0000,0x15e30000)]
  0x15939400 JavaThread "Java2D Disposer" daemon [_thread_blocked, id=27580, stack(0x15d50000,0x15da0000)]
  0x15177000 JavaThread "Service Thread" daemon [_thread_blocked, id=29036, stack(0x15740000,0x15790000)]
  0x1517bc00 JavaThread "C1 CompilerThread0" daemon [_thread_blocked, id=28020, stack(0x156b0000,0x15700000)]
  0x1517a400 JavaThread "Attach Listener" daemon [_thread_blocked, id=16000, stack(0x15620000,0x15670000)]
  0x15178400 JavaThread "Signal Dispatcher" daemon [_thread_blocked, id=25540, stack(0x15590000,0x155e0000)]
  0x1515a800 JavaThread "Finalizer" daemon [_thread_blocked, id=29164, stack(0x15410000,0x15460000)]
  0x15144c00 JavaThread "Reference Handler" daemon [_thread_blocked, id=7248, stack(0x15380000,0x153d0000)]

Other Threads:
  0x02b3e400 VMThread [stack: 0x150f0000,0x15140000] [id=28596]
  0x1519d400 WatcherThread [stack: 0x157d0000,0x15820000] [id=25092]

VM state:not at safepoint (normal execution)

VM Mutex/Monitor currently owned by a thread: None

Heap:
 def new generation   total 4928K, used 1266K [0x04c00000, 0x05150000, 0x0a150000)
  eden space 4416K,  18% used [0x04c00000, 0x04ccf778, 0x05050000)
  from space 512K,  85% used [0x050d0000, 0x0513d258, 0x05150000)
  to   space 512K,   0% used [0x05050000, 0x05050000, 0x050d0000)
 tenured generation   total 10944K, used 6231K [0x0a150000, 0x0ac00000, 0x14c00000)
   the space 10944K,  56% used [0x0a150000, 0x0a765d30, 0x0a765e00, 0x0ac00000)
 Metaspace       used 9169K, capacity 9399K, committed 9472K, reserved 9600K

Card table byte_map: [0x14c00000,0x14c90000] byte_map_base: 0x14bda000

Polling page: 0x00c70000

CodeCache: size=32768Kb used=1334Kb max_used=1334Kb free=31433Kb
 bounds [0x02b40000, 0x02c90000, 0x04b40000]
 total_blobs=745 nmethods=482 adapters=194
 compilation: enabled

Compilation events (10 events):
Event: 15.263 Thread 0x1517bc00  479             java.lang.Boolean::booleanValue (5 bytes)
Event: 15.263 Thread 0x1517bc00 nmethod 479 0x02c8c7c8 code [0x02c8c8c0, 0x02c8c940]
Event: 15.263 Thread 0x1517bc00  480             javax.swing.plaf.synth.Region::getRegion (16 bytes)
Event: 15.263 Thread 0x1517bc00 nmethod 480 0x02c8c988 code [0x02c8caa0, 0x02c8cb84]
Event: 15.263 Thread 0x1517bc00  481             java.awt.EventQueue::noEvents (29 bytes)
Event: 15.263 Thread 0x1517bc00 nmethod 481 0x02c8cc48 code [0x02c8cd40, 0x02c8ce20]
Event: 15.264 Thread 0x1517bc00  482             java.awt.geom.RoundRectIterator::currentSegment (144 bytes)
Event: 15.264 Thread 0x1517bc00 nmethod 482 0x02c8cf08 code [0x02c8d040, 0x02c8d318]
Event: 15.265 Thread 0x1517bc00  483             javax.swing.plaf.synth.SynthContext::getStyle (5 bytes)
Event: 15.265 Thread 0x1517bc00 nmethod 483 0x02c8d688 code [0x02c8d780, 0x02c8d800]

GC Heap History (10 events):
Event: 0.232 GC heap before
{Heap before GC invocations=0 (full 0):
 def new generation   total 4928K, used 4416K [0x04c00000, 0x05150000, 0x0a150000)
  eden space 4416K, 100% used [0x04c00000, 0x05050000, 0x05050000)
  from space 512K,   0% used [0x05050000, 0x05050000, 0x050d0000)
  to   space 512K,   0% used [0x050d0000, 0x050d0000, 0x05150000)
 tenured generation   total 10944K, used 0K [0x0a150000, 0x0ac00000, 0x14c00000)
   the space 10944K,   0% used [0x0a150000, 0x0a150000, 0x0a150200, 0x0ac00000)
 Metaspace       used 5335K, capacity 5505K, committed 5632K, reserved 6528K
Event: 0.235 GC heap after
Heap after GC invocations=1 (full 0):
 def new generation   total 4928K, used 512K [0x04c00000, 0x05150000, 0x0a150000)
  eden space 4416K,   0% used [0x04c00000, 0x04c00000, 0x05050000)
  from space 512K, 100% used [0x050d0000, 0x05150000, 0x05150000)
  to   space 512K,   0% used [0x05050000, 0x05050000, 0x050d0000)
 tenured generation   total 10944K, used 791K [0x0a150000, 0x0ac00000, 0x14c00000)
   the space 10944K,   7% used [0x0a150000, 0x0a215c10, 0x0a215e00, 0x0ac00000)
 Metaspace       used 5335K, capacity 5505K, committed 5632K, reserved 6528K
}
Event: 0.434 GC heap before
{Heap before GC invocations=1 (full 0):
 def new generation   total 4928K, used 3988K [0x04c00000, 0x05150000, 0x0a150000)
  eden space 4416K,  78% used [0x04c00000, 0x04f653f8, 0x05050000)
  from space 512K, 100% used [0x050d0000, 0x05150000, 0x05150000)
  to   space 512K,   0% used [0x05050000, 0x05050000, 0x050d0000)
 tenured generation   total 10944K, used 791K [0x0a150000, 0x0ac00000, 0x14c00000)
   the space 10944K,   7% used [0x0a150000, 0x0a215c10, 0x0a215e00, 0x0ac00000)
 Metaspace       used 7931K, capacity 8117K, committed 8192K, reserved 8576K
Event: 0.438 GC heap after
Heap after GC invocations=2 (full 0):
 def new generation   total 4928K, used 512K [0x04c00000, 0x05150000, 0x0a150000)
  eden space 4416K,   0% used [0x04c00000, 0x04c00000, 0x05050000)
  from space 512K, 100% used [0x05050000, 0x050d0000, 0x050d0000)
  to   space 512K,   0% used [0x050d0000, 0x050d0000, 0x05150000)
 tenured generation   total 10944K, used 2076K [0x0a150000, 0x0ac00000, 0x14c00000)
   the space 10944K,  18% used [0x0a150000, 0x0a3570e8, 0x0a357200, 0x0ac00000)
 Metaspace       used 7931K, capacity 8117K, committed 8192K, reserved 8576K
}
Event: 14.477 GC heap before
{Heap before GC invocations=2 (full 0):
 def new generation   total 4928K, used 4928K [0x04c00000, 0x05150000, 0x0a150000)
  eden space 4416K, 100% used [0x04c00000, 0x05050000, 0x05050000)
  from space 512K, 100% used [0x05050000, 0x050d0000, 0x050d0000)
  to   space 512K,   0% used [0x050d0000, 0x050d0000, 0x05150000)
 tenured generation   total 10944K, used 2076K [0x0a150000, 0x0ac00000, 0x14c00000)
   the space 10944K,  18% used [0x0a150000, 0x0a3570e8, 0x0a357200, 0x0ac00000)
 Metaspace       used 8200K, capacity 8405K, committed 8448K, reserved 8576K
Event: 14.479 GC heap after
Heap after GC invocations=3 (full 0):
 def new generation   total 4928K, used 222K [0x04c00000, 0x05150000, 0x0a150000)
  eden space 4416K,   0% used [0x04c00000, 0x04c00000, 0x05050000)
  from space 512K,  43% used [0x050d0000, 0x05107958, 0x05150000)
  to   space 512K,   0% used [0x05050000, 0x05050000, 0x050d0000)
 tenured generation   total 10944K, used 5619K [0x0a150000, 0x0ac00000, 0x14c00000)
   the space 10944K,  51% used [0x0a150000, 0x0a6cce78, 0x0a6cd000, 0x0ac00000)
 Metaspace       used 8200K, capacity 8405K, committed 8448K, reserved 8576K
}
Event: 14.936 GC heap before
{Heap before GC invocations=3 (full 0):
 def new generation   total 4928K, used 4638K [0x04c00000, 0x05150000, 0x0a150000)
  eden space 4416K, 100% used [0x04c00000, 0x05050000, 0x05050000)
  from space 512K,  43% used [0x050d0000, 0x05107958, 0x05150000)
  to   space 512K,   0% used [0x05050000, 0x05050000, 0x050d0000)
 tenured generation   total 10944K, used 5619K [0x0a150000, 0x0ac00000, 0x14c00000)
   the space 10944K,  51% used [0x0a150000, 0x0a6cce78, 0x0a6cd000, 0x0ac00000)
 Metaspace       used 8862K, capacity 9077K, committed 9216K, reserved 9600K
Event: 14.938 GC heap after
Heap after GC invocations=4 (full 0):
 def new generation   total 4928K, used 512K [0x04c00000, 0x05150000, 0x0a150000)
  eden space 4416K,   0% used [0x04c00000, 0x04c00000, 0x05050000)
  from space 512K, 100% used [0x05050000, 0x050d0000, 0x050d0000)
  to   space 512K,   0% used [0x050d0000, 0x050d0000, 0x05150000)
 tenured generation   total 10944K, used 5923K [0x0a150000, 0x0ac00000, 0x14c00000)
   the space 10944K,  54% used [0x0a150000, 0x0a718fa8, 0x0a719000, 0x0ac00000)
 Metaspace       used 8862K, capacity 9077K, committed 9216K, reserved 9600K
}
Event: 15.206 GC heap before
{Heap before GC invocations=4 (full 0):
 def new generation   total 4928K, used 4928K [0x04c00000, 0x05150000, 0x0a150000)
  eden space 4416K, 100% used [0x04c00000, 0x05050000, 0x05050000)
  from space 512K, 100% used [0x05050000, 0x050d0000, 0x050d0000)
  to   space 512K,   0% used [0x050d0000, 0x050d0000, 0x05150000)
 tenured generation   total 10944K, used 5923K [0x0a150000, 0x0ac00000, 0x14c00000)
   the space 10944K,  54% used [0x0a150000, 0x0a718fa8, 0x0a719000, 0x0ac00000)
 Metaspace       used 9103K, capacity 9335K, committed 9472K, reserved 9600K
Event: 15.208 GC heap after
Heap after GC invocations=5 (full 0):
 def new generation   total 4928K, used 436K [0x04c00000, 0x05150000, 0x0a150000)
  eden space 4416K,   0% used [0x04c00000, 0x04c00000, 0x05050000)
  from space 512K,  85% used [0x050d0000, 0x0513d258, 0x05150000)
  to   space 512K,   0% used [0x05050000, 0x05050000, 0x050d0000)
 tenured generation   total 10944K, used 6231K [0x0a150000, 0x0ac00000, 0x14c00000)
   the space 10944K,  56% used [0x0a150000, 0x0a765d30, 0x0a765e00, 0x0ac00000)
 Metaspace       used 9103K, capacity 9335K, committed 9472K, reserved 9600K
}

Deoptimization events (0 events):
No events

Internal exceptions (10 events):
Event: 0.214 Thread 0x00f2d800 Exception <a 'java/lang/ClassNotFoundException': ToolBar> (0x04fa6c88) thrown at [C:\workspace\8-2-build-windows-i586-cygwin\jdk8u141\9370\hotspot\src\share\vm\classfile\systemDictionary.cpp, line 210]
Event: 0.214 Thread 0x00f2d800 Exception <a 'java/lang/ClassNotFoundException': ToggleButton> (0x04fa71d0) thrown at [C:\workspace\8-2-build-windows-i586-cygwin\jdk8u141\9370\hotspot\src\share\vm\classfile\systemDictionary.cpp, line 210]
Event: 0.214 Thread 0x00f2d800 Exception <a 'java/lang/ClassNotFoundException': javax/swing/JToolBarSeparator> (0x04fa75d8) thrown at [C:\workspace\8-2-build-windows-i586-cygwin\jdk8u141\9370\hotspot\src\share\vm\classfile\systemDictionary.cpp, line 210]
Event: 0.214 Thread 0x00f2d800 Exception <a 'java/lang/ClassNotFoundException': ToolBarSeparator> (0x04fa7a30) thrown at [C:\workspace\8-2-build-windows-i586-cygwin\jdk8u141\9370\hotspot\src\share\vm\classfile\systemDictionary.cpp, line 210]
Event: 0.214 Thread 0x00f2d800 Exception <a 'java/lang/ClassNotFoundException': ToolTip> (0x04fa80d8) thrown at [C:\workspace\8-2-build-windows-i586-cygwin\jdk8u141\9370\hotspot\src\share\vm\classfile\systemDictionary.cpp, line 210]
Event: 0.215 Thread 0x00f2d800 Exception <a 'java/lang/ClassNotFoundException': Tree> (0x04fa8bc0) thrown at [C:\workspace\8-2-build-windows-i586-cygwin\jdk8u141\9370\hotspot\src\share\vm\classfile\systemDictionary.cpp, line 210]
Event: 0.215 Thread 0x00f2d800 Exception <a 'java/lang/ClassNotFoundException': Tree> (0x04fa9260) thrown at [C:\workspace\8-2-build-windows-i586-cygwin\jdk8u141\9370\hotspot\src\share\vm\classfile\systemDictionary.cpp, line 210]
Event: 0.215 Thread 0x00f2d800 Exception <a 'java/lang/ClassNotFoundException': javax/swing/JTreeCell> (0x04fa9598) thrown at [C:\workspace\8-2-build-windows-i586-cygwin\jdk8u141\9370\hotspot\src\share\vm\classfile\systemDictionary.cpp, line 210]
Event: 0.215 Thread 0x00f2d800 Exception <a 'java/lang/ClassNotFoundException': TreeCell> (0x04fa99e0) thrown at [C:\workspace\8-2-build-windows-i586-cygwin\jdk8u141\9370\hotspot\src\share\vm\classfile\systemDictionary.cpp, line 210]
Event: 0.215 Thread 0x00f2d800 Exception <a 'java/lang/ClassNotFoundException': RootPane> (0x04faa358) thrown at [C:\workspace\8-2-build-windows-i586-cygwin\jdk8u141\9370\hotspot\src\share\vm\classfile\systemDictionary.cpp, line 210]

Events (10 events):
Event: 15.219 loading class com/googlecode/javacv/cpp/opencv_imgproc$CvDistanceFunction
Event: 15.219 loading class com/googlecode/javacv/cpp/opencv_imgproc$CvDistanceFunction done
Event: 15.219 loading class com/googlecode/javacv/cpp/opencv_imgproc$CvFeatureTree
Event: 15.219 loading class com/googlecode/javacv/cpp/opencv_imgproc$CvFeatureTree done
Event: 15.219 loading class com/googlecode/javacv/cpp/opencv_imgproc$CvContourScanner
Event: 15.219 loading class com/googlecode/javacv/cpp/opencv_imgproc$CvContourScanner done
Event: 15.220 loading class java/nio/FloatBuffer
Event: 15.220 loading class java/nio/FloatBuffer done
Event: 15.238 Thread 0x15bbfc00 Thread added: 0x15bbfc00
Event: 15.263 Thread 0x15bbd400 Thread added: 0x15bbd400


Dynamic libraries:
0x009a0000 - 0x009d3000 	C:\Program Files (x86)\Java\jdk1.8.0_141\bin\java.exe
0x77df0000 - 0x77f7e000 	C:\WINDOWS\SYSTEM32\ntdll.dll
0x76060000 - 0x76130000 	C:\WINDOWS\System32\KERNEL32.DLL
0x75370000 - 0x75532000 	C:\WINDOWS\System32\KERNELBASE.dll
0x73d10000 - 0x73da3000 	C:\WINDOWS\SYSTEM32\apphelp.dll
0x75ec0000 - 0x75f37000 	C:\WINDOWS\System32\ADVAPI32.dll
0x74f50000 - 0x7500d000 	C:\WINDOWS\System32\msvcrt.dll
0x75d60000 - 0x75da1000 	C:\WINDOWS\System32\sechost.dll
0x77bb0000 - 0x77c70000 	C:\WINDOWS\System32\RPCRT4.dll
0x75310000 - 0x75330000 	C:\WINDOWS\System32\SspiCli.dll
0x75300000 - 0x7530a000 	C:\WINDOWS\System32\CRYPTBASE.dll
0x74e00000 - 0x74e57000 	C:\WINDOWS\System32\bcryptPrimitives.dll
0x776b0000 - 0x777ec000 	C:\WINDOWS\System32\USER32.dll
0x75570000 - 0x75586000 	C:\WINDOWS\System32\win32u.dll
0x75e10000 - 0x75e31000 	C:\WINDOWS\System32\GDI32.dll
0x75010000 - 0x75168000 	C:\WINDOWS\System32\gdi32full.dll
0x777f0000 - 0x77869000 	C:\WINDOWS\System32\msvcp_win.dll
0x75f40000 - 0x76058000 	C:\WINDOWS\System32\ucrtbase.dll
0x731f0000 - 0x733fe000 	C:\WINDOWS\WinSxS\x86_microsoft.windows.common-controls_6595b64144ccf1df_6.0.15063.483_none_6dad63fefc436da8\COMCTL32.dll
0x77910000 - 0x77b48000 	C:\WINDOWS\System32\combase.dll
0x75540000 - 0x75565000 	C:\WINDOWS\System32\IMM32.DLL
0x71b70000 - 0x71c2f000 	C:\Program Files (x86)\Java\jdk1.8.0_141\jre\bin\msvcr100.dll
0x6d4d0000 - 0x6d89e000 	C:\Program Files (x86)\Java\jdk1.8.0_141\jre\bin\client\jvm.dll
0x75d40000 - 0x75d46000 	C:\WINDOWS\System32\PSAPI.DLL
0x746c0000 - 0x746c8000 	C:\WINDOWS\SYSTEM32\VERSION.dll
0x73550000 - 0x73558000 	C:\WINDOWS\SYSTEM32\WSOCK32.dll
0x73c50000 - 0x73c74000 	C:\WINDOWS\SYSTEM32\WINMM.dll
0x756e0000 - 0x75747000 	C:\WINDOWS\System32\WS2_32.dll
0x73520000 - 0x73543000 	C:\WINDOWS\SYSTEM32\winmmbase.dll
0x75330000 - 0x75369000 	C:\WINDOWS\System32\cfgmgr32.dll
0x72740000 - 0x7274c000 	C:\Program Files (x86)\Java\jdk1.8.0_141\jre\bin\verify.dll
0x71b10000 - 0x71b31000 	C:\Program Files (x86)\Java\jdk1.8.0_141\jre\bin\java.dll
0x71af0000 - 0x71b03000 	C:\Program Files (x86)\Java\jdk1.8.0_141\jre\bin\zip.dll
0x762b0000 - 0x775f8000 	C:\WINDOWS\System32\SHELL32.dll
0x77880000 - 0x7790c000 	C:\WINDOWS\System32\shcore.dll
0x757b0000 - 0x75d37000 	C:\WINDOWS\System32\windows.storage.dll
0x75750000 - 0x75795000 	C:\WINDOWS\System32\shlwapi.dll
0x76130000 - 0x7613e000 	C:\WINDOWS\System32\kernel.appcore.dll
0x77660000 - 0x776a5000 	C:\WINDOWS\System32\powrprof.dll
0x75d50000 - 0x75d60000 	C:\WINDOWS\System32\profapi.dll
0x6d380000 - 0x6d4c5000 	C:\Program Files (x86)\Java\jdk1.8.0_141\jre\bin\awt.dll
0x747b0000 - 0x74846000 	C:\WINDOWS\System32\OLEAUT32.dll
0x725e0000 - 0x72658000 	C:\WINDOWS\system32\uxtheme.dll
0x75590000 - 0x756d6000 	C:\WINDOWS\System32\MSCTF.dll
0x73190000 - 0x731b3000 	C:\WINDOWS\system32\dwmapi.dll
0x74850000 - 0x74943000 	C:\WINDOWS\System32\ole32.dll
0x6f020000 - 0x6f059000 	C:\Program Files (x86)\Java\jdk1.8.0_141\jre\bin\fontmanager.dll
0x6a650000 - 0x6a72f000 	C:\WINDOWS\system32\opengl32.dll
0x71aa0000 - 0x71ac5000 	C:\WINDOWS\SYSTEM32\GLU32.dll
0x74950000 - 0x749d3000 	C:\WINDOWS\System32\clbcatq.dll
0x6e390000 - 0x6e502000 	C:\WINDOWS\SYSTEM32\WindowsCodecs.dll
0x6d330000 - 0x6d373000 	C:\WINDOWS\system32\dataexchange.dll
0x69f60000 - 0x6a04b000 	C:\WINDOWS\system32\dcomp.dll
0x6a050000 - 0x6a2a2000 	C:\WINDOWS\system32\d3d11.dll
0x69ed0000 - 0x69f5a000 	C:\WINDOWS\system32\dxgi.dll
0x6e550000 - 0x6e686000 	C:\WINDOWS\system32\twinapi.appcore.dll
0x743e0000 - 0x743f8000 	C:\WINDOWS\system32\bcrypt.dll
0x71ad0000 - 0x71ae6000 	C:\Program Files (x86)\Java\jdk1.8.0_141\jre\bin\net.dll
0x72830000 - 0x7287e000 	C:\WINDOWS\system32\mswsock.dll
0x72430000 - 0x7243f000 	C:\Program Files (x86)\Java\jdk1.8.0_141\jre\bin\nio.dll
0x6efe0000 - 0x6f012000 	C:\Program Files (x86)\Java\jdk1.8.0_141\jre\bin\t2k.dll
0x6a570000 - 0x6a5d7000 	C:\WINDOWS\System32\TextInputFramework.dll
0x6a340000 - 0x6a567000 	C:\WINDOWS\System32\CoreUIComponents.dll
0x6a2b0000 - 0x6a33f000 	C:\WINDOWS\System32\CoreMessaging.dll
0x6e9b0000 - 0x6ea81000 	C:\WINDOWS\SYSTEM32\wintypes.dll
0x72800000 - 0x72828000 	C:\WINDOWS\SYSTEM32\ntmarta.dll
0x6de90000 - 0x6dea0000 	C:\WINDOWS\SYSTEM32\usermgrcli.dll
0x6e520000 - 0x6e544000 	C:\Program Files (x86)\Java\jdk1.8.0_141\jre\bin\dcpr.dll
0x672a0000 - 0x6735e000 	C:\Users\jaydutt\AppData\Local\Temp\javacpp635504898414659\msvcr100.dll
0x71410000 - 0x71479000 	C:\Users\jaydutt\AppData\Local\Temp\javacpp635504898414659\msvcp100.dll
0x17f50000 - 0x18e86000 	C:\Users\jaydutt\AppData\Local\Temp\javacpp635504898414659\opencv_ffmpeg248.dll
0x63590000 - 0x63796000 	C:\Users\jaydutt\AppData\Local\Temp\javacpp635504898414659\opencv_core248.dll
0x63320000 - 0x6358b000 	C:\Users\jaydutt\AppData\Local\Temp\javacpp635504898414659\opencv_imgproc248.dll
0x63110000 - 0x63317000 	C:\Users\jaydutt\AppData\Local\Temp\javacpp635504898414659\opencv_highgui248.dll
0x6de40000 - 0x6de62000 	C:\WINDOWS\SYSTEM32\MSVFW32.dll
0x6e310000 - 0x6e324000 	C:\WINDOWS\SYSTEM32\AVICAP32.dll
0x6dea0000 - 0x6debb000 	C:\WINDOWS\SYSTEM32\AVIFIL32.dll
0x6a630000 - 0x6a648000 	C:\WINDOWS\SYSTEM32\MSACM32.dll
0x66560000 - 0x66604000 	C:\Users\jaydutt\AppData\Local\Temp\javacpp635504898414659\opencv_objdetect248.dll
0x6a5f0000 - 0x6a62c000 	C:\Users\jaydutt\AppData\Local\Temp\javacpp635504898414659\jniopencv_objdetect.dll
0x66fd0000 - 0x67045000 	C:\Users\jaydutt\AppData\Local\Temp\javacpp635504898414659\jniopencv_core.dll
0x63090000 - 0x6310c000 	C:\Users\jaydutt\AppData\Local\Temp\javacpp635504898414659\opencv_flann248.dll
0x62fd0000 - 0x63082000 	C:\Users\jaydutt\AppData\Local\Temp\javacpp635504898414659\opencv_features2d248.dll
0x62f00000 - 0x62fc4000 	C:\Users\jaydutt\AppData\Local\Temp\javacpp635504898414659\opencv_calib3d248.dll
0x66cb0000 - 0x66d0d000 	C:\Users\jaydutt\AppData\Local\Temp\javacpp635504898414659\opencv_video248.dll
0x62e80000 - 0x62f00000 	C:\Users\jaydutt\AppData\Local\Temp\javacpp635504898414659\opencv_ml248.dll
0x62d60000 - 0x62e7c000 	C:\Users\jaydutt\AppData\Local\Temp\javacpp635504898414659\opencv_contrib248.dll
0x62d10000 - 0x62d57000 	C:\Users\jaydutt\AppData\Local\Temp\javacpp635504898414659\jniopencv_contrib.dll
0x71ef0000 - 0x71eff000 	C:\Users\jaydutt\AppData\Local\Temp\javacpp635504898414659\jniopencv_highgui.dll
0x69e00000 - 0x69e39000 	C:\Users\jaydutt\AppData\Local\Temp\javacpp635504898414659\jniopencv_imgproc.dll
0x67280000 - 0x67295000 	C:\Windows\System32\devenum.dll
0x749e0000 - 0x74dfa000 	C:\WINDOWS\System32\setupapi.dll
0x734f0000 - 0x73512000 	C:\WINDOWS\SYSTEM32\DEVOBJ.dll
0x77610000 - 0x77654000 	C:\WINDOWS\System32\WINTRUST.dll
0x77600000 - 0x7760e000 	C:\WINDOWS\System32\MSASN1.dll
0x77c70000 - 0x77ded000 	C:\WINDOWS\System32\CRYPT32.dll
0x710d0000 - 0x710d9000 	C:\WINDOWS\SYSTEM32\msdmo.dll
0x62cd0000 - 0x62d0a000 	C:\Windows\System32\qcap.dll
0x62b20000 - 0x62cc3000 	C:\Windows\System32\quartz.dll
0x62ae0000 - 0x62b15000 	C:\Windows\System32\mfksproxy.dll
0x67260000 - 0x67278000 	C:\Windows\System32\ATL.DLL
0x66ab0000 - 0x66adc000 	C:\Windows\System32\MFSENSORGROUP.dll
0x661a0000 - 0x66305000 	C:\Windows\System32\MFPlat.DLL
0x6e1b0000 - 0x6e1da000 	C:\Windows\System32\RTWorkQ.DLL
0x62aa0000 - 0x62adc000 	C:\Windows\System32\ksproxy.ax
0x709b0000 - 0x709b7000 	C:\Windows\System32\ksuser.dll
0x682d0000 - 0x68432000 	C:\Windows\System32\d3d9.dll
0x71190000 - 0x711f4000 	C:\WINDOWS\SYSTEM32\policymanager.dll
0x71120000 - 0x71186000 	C:\Windows\System32\msvcp110_win.dll
0x6efd0000 - 0x6efdc000 	C:\Windows\System32\vidcap.ax
0x66540000 - 0x66560000 	C:\Windows\System32\kswdmcap.ax
0x73060000 - 0x7318d000 	C:\Windows\System32\MFC42.dll
0x62a10000 - 0x62a9e000 	C:\Windows\System32\qedit.dll
0x74e60000 - 0x74f4f000 	C:\WINDOWS\System32\COMDLG32.dll
0x71880000 - 0x719e6000 	C:\WINDOWS\WinSxS\x86_microsoft.windows.gdiplus_6595b64144ccf1df_1.1.15063.608_none_9e9d5d4256d15def\gdiplus.dll
0x73400000 - 0x734ed000 	C:\Windows\System32\DDRAW.dll
0x728e0000 - 0x728e7000 	C:\Windows\System32\DCIMAN32.dll
0x74530000 - 0x7468d000 	C:\WINDOWS\SYSTEM32\dbghelp.dll
0x629a0000 - 0x62a0d000 	C:\WINDOWS\SYSTEM32\D3DIM700.DLL

VM Arguments:
jvm_args: -Dfile.encoding=UTF-8 -Djava.library.path=C:\opencv\build\java\x86 -Djava.security.policy=applet.policy -Djavacpp.platform.dependencies=true 
java_command: miniproject.gui.MainPage
java_class_path (initial): C:\Users\jaydutt\Documents\NetBeansProjects\miniProject\library\activation-1.1.jar;C:\Users\jaydutt\Documents\NetBeansProjects\miniProject\library\activation-2.2.1.jar;C:\Users\jaydutt\Documents\NetBeansProjects\miniProject\library\artoolkitplus-2.3.1-1.4.jar;C:\Users\jaydutt\Documents\NetBeansProjects\miniProject\library\core-3.3.0.jar;C:\Users\jaydutt\Documents\NetBeansProjects\miniProject\library\ffmpeg-3.4.1-1.4.jar;C:\Users\jaydutt\Documents\NetBeansProjects\miniProject\library\ffmpeg-windows-x86.jar;C:\Users\jaydutt\Documents\NetBeansProjects\miniProject\library\ffmpeg-windows-x86_64.jar;C:\Users\jaydutt\Documents\NetBeansProjects\miniProject\library\flandmark-1.07-1.4.jar;C:\Users\jaydutt\Documents\NetBeansProjects\miniProject\library\flycapture-2.11.3.121-1.4.jar;C:\Users\jaydutt\Documents\NetBeansProjects\miniProject\library\javacpp-1.4.jar;C:\Users\jaydutt\Documents\NetBeansProjects\miniProject\library\javacpp.jar;C:\Users\jaydutt\Documents\NetBeansProjects\miniProject\library\javacv-1.4.jar;C:\Users\jaydutt\Documents\NetBeansProjects\miniProject\library\javacv.jar;C:\Users\jaydutt\Documents\NetBeansProjects\miniProject\library\javase-3.3.0.jar;C:\Users\jaydutt\Documents\NetBeansProjects\miniProject\library\jcommon-1.0.23.jar;C:\Users\jaydutt\Documents\NetBeansProjects\miniProject\library\jfreechart-1.0.19.jar;C:\Users\jaydutt\Documents\NetBeansProjects\miniProject\library\libdc1394-2.2.5-1.4.jar;C:\Users\jaydutt\Documents\NetBeansProjects\miniProject\library\libfreenect-0.5.3-1.4.jar;C:\Users\jaydutt\Documents\NetBeansProjects\miniProject\library\libfreenect-windows-x86.jar;C:\Users\jaydutt\Documents\NetBeansProjects\miniProject\library\libfreenect-windows-x86_64.jar;C:\Users\jaydutt\Documents\NetBeansProjects\miniProject\library\libfreenect2-0.2.0-1.4.jar;C:\Users\jaydutt\Documents\NetBeansProjects\miniProject\library\libfreenect2-windows-x86_64.jar;C:\Users\jaydutt\Documents\NetBeansProjects\miniProject\library\librealsense-
Launcher Type: SUN_STANDARD

Environment Variables:
JAVA_HOME=C:\Program Files\Java\jdk1.8.0_161
PATH=C:\Program Files (x86)\Intel\iCLS Client\;C:\ProgramData\Oracle\Java\javapath;C:\Program Files\Intel\iCLS Client\;C:\windows\system32;C:\windows;C:\windows\System32\Wbem;C:\windows\System32\WindowsPowerShell\v1.0\;C:\Program Files (x86)\NVIDIA Corporation\PhysX\Common;C:\Program Files (x86)\Java\jre1.8.0_141;C:\Program Files (x86)\Java\jdk1.8.0_141/bin;C:\Program Files\Intel\WiFi\bin\;C:\Program Files\Common Files\Intel\WirelessCommon\;C:\WINDOWS\system32;C:\WINDOWS;C:\WINDOWS\System32\Wbem;C:\WINDOWS\System32\WindowsPowerShell\v1.0\;C:\Users\jaydutt\AppData\Local\Microsoft\WindowsApps;C:\adb;C:\Program Files (x86)\Intel\Intel(R) Management Engine Components\DAL;C:\Program Files\Intel\Intel(R) Management Engine Components\DAL;C:\Program Files (x86)\Intel\Intel(R) Management Engine Components\IPT;C:\Program Files\Intel\Intel(R) Management Engine Components\IPT;C:\sqlight\sqlite-tools-win32-x86-3220000;C:\Program Files\Java\jdk1.8.0_161;C:\Program Files\Java\jre1.8.0_161;C:\opencv\build\x86\vc10\bin;C:\opencv\build\java;C:\Users\jaydutt\AppData\Local\Microsoft\WindowsApps;C:\Users\jaydutt\AppData\Local\GitHubDesktop\bin
USERNAME=jaydutt
OS=Windows_NT
PROCESSOR_IDENTIFIER=Intel64 Family 6 Model 158 Stepping 9, GenuineIntel



---------------  S Y S T E M  ---------------

OS: Windows 10.0 , 64 bit Build 15063 (10.0.15063.296)

CPU:total 8 (initial active 8) (4 cores per cpu, 2 threads per core) family 6 model 158 stepping 9, cmov, cx8, fxsr, mmx, sse, sse2, sse3, ssse3, sse4.1, sse4.2, popcnt, avx, avx2, aes, clmul, erms, 3dnowpref, lzcnt, ht, tsc, tscinvbit, bmi1, bmi2, adx

Memory: 4k page, physical 16659684k(9100104k free), swap 33436900k(25036364k free)

vm_info: Java HotSpot(TM) Client VM (25.141-b15) for windows-x86 JRE (1.8.0_141-b15), built on Jul 12 2017 04:25:45 by "java_re" with MS VC++ 10.0 (VS2010)

time: Sat Mar 31 21:46:47 2018
elapsed time: 15 seconds (0d 0h 0m 15s)

