#
# A fatal error has been detected by the Java Runtime Environment:
#
#  EXCEPTION_ACCESS_VIOLATION (0xc0000005) at pc=0x62de2a8c, pid=6292, tid=0x0000583c
#
# JRE version: Java(TM) SE Runtime Environment (8.0_141-b15) (build 1.8.0_141-b15)
# Java VM: Java HotSpot(TM) Client VM (25.141-b15 mixed mode windows-x86 )
# Problematic frame:
# C  [opencv_highgui248.dll+0x12a8c]
#
# Failed to write core dump. Minidumps are not enabled by default on client versions of Windows
#
# If you would like to submit a bug report, please visit:
#   http://bugreport.java.com/bugreport/crash.jsp
# The crash happened outside the Java Virtual Machine in native code.
# See problematic frame for where to report the bug.
#

---------------  T H R E A D  ---------------

Current thread (0x15736400):  JavaThread "Thread-3" [_thread_in_native, id=22588, stack(0x179c0000,0x17a10000)]

siginfo: ExceptionCode=0xc0000005, reading address 0x00000000

Registers:
EAX=0x00000000, EBX=0x00d2bf40, ECX=0x000e1000, EDX=0x00d4a028
ESP=0x17a0f8a8, EBP=0x17a0f8b8, ESI=0x15702cb0, EDI=0x0004b000
EIP=0x62de2a8c, EFLAGS=0x00010246

Top of Stack: (sp=0x17a0f8a8)
0x17a0f8a8:   00000000 15702cb0 15702cec 00d4a258
0x17a0f8b8:   17a0f964 62de563f 000001e0 e436eb7d
0x17a0f8c8:   11ce524f 2000539f 70a70baf 15732fc8
0x17a0f8d8:   62fc0838 00000000 17a0f92c 74f970d5
0x17a0f8e8:   00f20000 00000000 000001e0 00d2bf40
0x17a0f8f8:   00000280 00000000 00000000 15702ce0
0x17a0f908:   00000000 62fc0838 16ec83e8 17a0f8f4
0x17a0f918:   17a0f930 17a0f9b4 74fac8c0 d7b03da7 

Instructions: (pc=0x62de2a8c)
0x62de2a6c:   56 44 8d 0c 7f 89 4a 28 8b 86 80 00 00 00 83 f8
0x62de2a7c:   ff 74 07 99 89 43 28 89 53 2c 8b 46 3c 8b 56 44
0x62de2a8c:   8b 08 52 50 8b 41 0c ff d0 85 c0 75 15 8b 75 fc
0x62de2a9c:   85 f6 74 05 e8 7b ed ff ff 5f 5e b0 01 5b 8b e5 


Register to memory mapping:

EAX=0x00000000 is an unknown value
EBX=0x00d2bf40 is an unknown value
ECX=0x000e1000 is an unknown value
EDX=0x00d4a028 is an unknown value
ESP=0x17a0f8a8 is pointing into the stack for thread: 0x15736400
EBP=0x17a0f8b8 is pointing into the stack for thread: 0x15736400
ESI=0x15702cb0 is an unknown value
EDI=0x0004b000 is an unknown value


Stack: [0x179c0000,0x17a10000],  sp=0x17a0f8a8,  free space=318k
Native frames: (J=compiled Java code, j=interpreted, Vv=VM code, C=native code)
C  [opencv_highgui248.dll+0x12a8c]
C  [opencv_highgui248.dll+0x1563f]
C  [opencv_highgui248.dll+0x15cab]
C  [opencv_highgui248.dll+0x1613c]
C  [opencv_highgui248.dll+0x14736]
C  [opencv_highgui248.dll+0x1194]
C  [jniopencv_highgui.dll+0x597d]
j  com.googlecode.javacv.cpp.opencv_highgui.cvCreateCameraCapture(I)Lcom/googlecode/javacv/cpp/opencv_highgui$CvCapture;+0
j  miniproject.gui.Face.FaceCapture.run()V+1
j  java.lang.Thread.run()V+11
v  ~StubRoutines::call_stub
V  [jvm.dll+0x15af45]
V  [jvm.dll+0x2213ae]
V  [jvm.dll+0x15afde]
V  [jvm.dll+0x15b166]
V  [jvm.dll+0x15b1d7]
V  [jvm.dll+0xff36f]
V  [jvm.dll+0x17dc30]
V  [jvm.dll+0x17e4aa]
V  [jvm.dll+0x1c2ec6]
C  [msvcr100.dll+0x5c556]
C  [msvcr100.dll+0x5c600]
C  [KERNEL32.DLL+0x18744]
C  [ntdll.dll+0x6582d]
C  [ntdll.dll+0x657fd]
C  0x00000000

Java frames: (J=compiled Java code, j=interpreted, Vv=VM code)
j  com.googlecode.javacv.cpp.opencv_highgui.cvCreateCameraCapture(I)Lcom/googlecode/javacv/cpp/opencv_highgui$CvCapture;+0
j  miniproject.gui.Face.FaceCapture.run()V+1
j  java.lang.Thread.run()V+11
v  ~StubRoutines::call_stub

---------------  P R O C E S S  ---------------

Java Threads: ( => current thread )
  0x15736c00 JavaThread "Thread-4" [_thread_in_native, id=18892, stack(0x19260000,0x192b0000)]
=>0x15736400 JavaThread "Thread-3" [_thread_in_native, id=22588, stack(0x179c0000,0x17a10000)]
  0x0280d800 JavaThread "DestroyJavaVM" [_thread_blocked, id=27588, stack(0x00c70000,0x00cc0000)]
  0x155bbc00 JavaThread "AWT-EventQueue-0" [_thread_blocked, id=27328, stack(0x15c00000,0x15c50000)]
  0x15524400 JavaThread "AWT-Windows" daemon [_thread_in_native, id=27320, stack(0x15a80000,0x15ad0000)]
  0x15521c00 JavaThread "AWT-Shutdown" [_thread_blocked, id=27360, stack(0x159f0000,0x15a40000)]
  0x15545000 JavaThread "Java2D Disposer" daemon [_thread_blocked, id=27364, stack(0x15960000,0x159b0000)]
  0x14e8dc00 JavaThread "Service Thread" daemon [_thread_blocked, id=27308, stack(0x15350000,0x153a0000)]
  0x14e9bc00 JavaThread "C1 CompilerThread0" daemon [_thread_blocked, id=27312, stack(0x152c0000,0x15310000)]
  0x14e9a400 JavaThread "Attach Listener" daemon [_thread_blocked, id=27408, stack(0x15230000,0x15280000)]
  0x14e98400 JavaThread "Signal Dispatcher" daemon [_thread_blocked, id=27460, stack(0x151a0000,0x151f0000)]
  0x14e7a800 JavaThread "Finalizer" daemon [_thread_blocked, id=27476, stack(0x15060000,0x150b0000)]
  0x14e64c00 JavaThread "Reference Handler" daemon [_thread_blocked, id=27576, stack(0x04930000,0x04980000)]

Other Threads:
  0x027ce400 VMThread [stack: 0x048a0000,0x048f0000] [id=27580]
  0x14e92400 WatcherThread [stack: 0x153e0000,0x15430000] [id=27368]

VM state:not at safepoint (normal execution)

VM Mutex/Monitor currently owned by a thread: None

Heap:
 def new generation   total 4928K, used 868K [0x04a00000, 0x04f50000, 0x09f50000)
  eden space 4416K,   9% used [0x04a00000, 0x04a66ea8, 0x04e50000)
  from space 512K,  89% used [0x04ed0000, 0x04f423e8, 0x04f50000)
  to   space 512K,   0% used [0x04e50000, 0x04e50000, 0x04ed0000)
 tenured generation   total 10944K, used 5459K [0x09f50000, 0x0aa00000, 0x14a00000)
   the space 10944K,  49% used [0x09f50000, 0x0a4a4cd8, 0x0a4a4e00, 0x0aa00000)
 Metaspace       used 8289K, capacity 8466K, committed 8576K, reserved 8576K

Card table byte_map: [0x04810000,0x048a0000] byte_map_base: 0x047eb000

Polling page: 0x00dc0000

CodeCache: size=32768Kb used=1156Kb max_used=1156Kb free=31611Kb
 bounds [0x02810000, 0x02938000, 0x04810000]
 total_blobs=656 nmethods=393 adapters=194
 compilation: enabled

Compilation events (10 events):
Event: 10.448 Thread 0x14e9bc00  390             java.util.AbstractList::iterator (10 bytes)
Event: 10.448 Thread 0x14e9bc00 nmethod 390 0x0292e208 code [0x0292e300, 0x0292e3e0]
Event: 10.454 Thread 0x14e9bc00  391             com.googlecode.javacpp.Loader$ClassProperties::addAll (14 bytes)
Event: 10.454 Thread 0x14e9bc00 nmethod 391 0x0292e448 code [0x0292e560, 0x0292e6d8]
Event: 10.457 Thread 0x14e9bc00  392             com.googlecode.javacpp.Loader$ClassProperties::get (30 bytes)
Event: 10.457 Thread 0x14e9bc00 nmethod 392 0x0292e808 code [0x0292e940, 0x0292eb30]
Event: 10.457 Thread 0x14e9bc00  393             sun.reflect.annotation.AnnotationInvocationHandler::cloneArray (170 bytes)
Event: 10.457 Thread 0x14e9bc00 nmethod 393 0x0292ed88 code [0x0292ef40, 0x0292f2cc]
Event: 10.479 Thread 0x14e9bc00  394  s          java.lang.StringBuffer::append (13 bytes)
Event: 10.479 Thread 0x14e9bc00 nmethod 394 0x02930dc8 code [0x02930ed0, 0x029310bc]

GC Heap History (10 events):
Event: 0.227 GC heap before
{Heap before GC invocations=0 (full 0):
 def new generation   total 4928K, used 4416K [0x04a00000, 0x04f50000, 0x09f50000)
  eden space 4416K, 100% used [0x04a00000, 0x04e50000, 0x04e50000)
  from space 512K,   0% used [0x04e50000, 0x04e50000, 0x04ed0000)
  to   space 512K,   0% used [0x04ed0000, 0x04ed0000, 0x04f50000)
 tenured generation   total 10944K, used 0K [0x09f50000, 0x0aa00000, 0x14a00000)
   the space 10944K,   0% used [0x09f50000, 0x09f50000, 0x09f50200, 0x0aa00000)
 Metaspace       used 5329K, capacity 5505K, committed 5632K, reserved 6528K
Event: 0.231 GC heap after
Heap after GC invocations=1 (full 0):
 def new generation   total 4928K, used 512K [0x04a00000, 0x04f50000, 0x09f50000)
  eden space 4416K,   0% used [0x04a00000, 0x04a00000, 0x04e50000)
  from space 512K, 100% used [0x04ed0000, 0x04f50000, 0x04f50000)
  to   space 512K,   0% used [0x04e50000, 0x04e50000, 0x04ed0000)
 tenured generation   total 10944K, used 789K [0x09f50000, 0x0aa00000, 0x14a00000)
   the space 10944K,   7% used [0x09f50000, 0x0a015400, 0x0a015400, 0x0aa00000)
 Metaspace       used 5329K, capacity 5505K, committed 5632K, reserved 6528K
}
Event: 0.368 GC heap before
{Heap before GC invocations=1 (full 0):
 def new generation   total 4928K, used 2028K [0x04a00000, 0x04f50000, 0x09f50000)
  eden space 4416K,  34% used [0x04a00000, 0x04b7b2a8, 0x04e50000)
  from space 512K, 100% used [0x04ed0000, 0x04f50000, 0x04f50000)
  to   space 512K,   0% used [0x04e50000, 0x04e50000, 0x04ed0000)
 tenured generation   total 10944K, used 789K [0x09f50000, 0x0aa00000, 0x14a00000)
   the space 10944K,   7% used [0x09f50000, 0x0a015400, 0x0a015400, 0x0aa00000)
 Metaspace       used 6908K, capacity 7087K, committed 7168K, reserved 7552K
Event: 0.371 GC heap after
Heap after GC invocations=2 (full 0):
 def new generation   total 4928K, used 512K [0x04a00000, 0x04f50000, 0x09f50000)
  eden space 4416K,   0% used [0x04a00000, 0x04a00000, 0x04e50000)
  from space 512K, 100% used [0x04e50000, 0x04ed0000, 0x04ed0000)
  to   space 512K,   0% used [0x04ed0000, 0x04ed0000, 0x04f50000)
 tenured generation   total 10944K, used 1365K [0x09f50000, 0x0aa00000, 0x14a00000)
   the space 10944K,  12% used [0x09f50000, 0x0a0a56e0, 0x0a0a5800, 0x0aa00000)
 Metaspace       used 6908K, capacity 7087K, committed 7168K, reserved 7552K
}
Event: 9.717 GC heap before
{Heap before GC invocations=2 (full 0):
 def new generation   total 4928K, used 4928K [0x04a00000, 0x04f50000, 0x09f50000)
  eden space 4416K, 100% used [0x04a00000, 0x04e50000, 0x04e50000)
  from space 512K, 100% used [0x04e50000, 0x04ed0000, 0x04ed0000)
  to   space 512K,   0% used [0x04ed0000, 0x04ed0000, 0x04f50000)
 tenured generation   total 10944K, used 1365K [0x09f50000, 0x0aa00000, 0x14a00000)
   the space 10944K,  12% used [0x09f50000, 0x0a0a56e0, 0x0a0a5800, 0x0aa00000)
 Metaspace       used 7351K, capacity 7535K, committed 7680K, reserved 8576K
Event: 9.719 GC heap after
Heap after GC invocations=3 (full 0):
 def new generation   total 4928K, used 233K [0x04a00000, 0x04f50000, 0x09f50000)
  eden space 4416K,   0% used [0x04a00000, 0x04a00000, 0x04e50000)
  from space 512K,  45% used [0x04ed0000, 0x04f0a5d8, 0x04f50000)
  to   space 512K,   0% used [0x04e50000, 0x04e50000, 0x04ed0000)
 tenured generation   total 10944K, used 4908K [0x09f50000, 0x0aa00000, 0x14a00000)
   the space 10944K,  44% used [0x09f50000, 0x0a41b038, 0x0a41b200, 0x0aa00000)
 Metaspace       used 7351K, capacity 7535K, committed 7680K, reserved 8576K
}
Event: 10.196 GC heap before
{Heap before GC invocations=3 (full 0):
 def new generation   total 4928K, used 4649K [0x04a00000, 0x04f50000, 0x09f50000)
  eden space 4416K, 100% used [0x04a00000, 0x04e50000, 0x04e50000)
  from space 512K,  45% used [0x04ed0000, 0x04f0a5d8, 0x04f50000)
  to   space 512K,   0% used [0x04e50000, 0x04e50000, 0x04ed0000)
 tenured generation   total 10944K, used 4908K [0x09f50000, 0x0aa00000, 0x14a00000)
   the space 10944K,  44% used [0x09f50000, 0x0a41b038, 0x0a41b200, 0x0aa00000)
 Metaspace       used 8002K, capacity 8207K, committed 8320K, reserved 8576K
Event: 10.197 GC heap after
Heap after GC invocations=4 (full 0):
 def new generation   total 4928K, used 512K [0x04a00000, 0x04f50000, 0x09f50000)
  eden space 4416K,   0% used [0x04a00000, 0x04a00000, 0x04e50000)
  from space 512K, 100% used [0x04e50000, 0x04ed0000, 0x04ed0000)
  to   space 512K,   0% used [0x04ed0000, 0x04ed0000, 0x04f50000)
 tenured generation   total 10944K, used 5170K [0x09f50000, 0x0aa00000, 0x14a00000)
   the space 10944K,  47% used [0x09f50000, 0x0a45ca88, 0x0a45cc00, 0x0aa00000)
 Metaspace       used 8002K, capacity 8207K, committed 8320K, reserved 8576K
}
Event: 10.475 GC heap before
{Heap before GC invocations=4 (full 0):
 def new generation   total 4928K, used 4928K [0x04a00000, 0x04f50000, 0x09f50000)
  eden space 4416K, 100% used [0x04a00000, 0x04e50000, 0x04e50000)
  from space 512K, 100% used [0x04e50000, 0x04ed0000, 0x04ed0000)
  to   space 512K,   0% used [0x04ed0000, 0x04ed0000, 0x04f50000)
 tenured generation   total 10944K, used 5170K [0x09f50000, 0x0aa00000, 0x14a00000)
   the space 10944K,  47% used [0x09f50000, 0x0a45ca88, 0x0a45cc00, 0x0aa00000)
 Metaspace       used 8260K, capacity 8466K, committed 8576K, reserved 8576K
Event: 10.477 GC heap after
Heap after GC invocations=5 (full 0):
 def new generation   total 4928K, used 456K [0x04a00000, 0x04f50000, 0x09f50000)
  eden space 4416K,   0% used [0x04a00000, 0x04a00000, 0x04e50000)
  from space 512K,  89% used [0x04ed0000, 0x04f423e8, 0x04f50000)
  to   space 512K,   0% used [0x04e50000, 0x04e50000, 0x04ed0000)
 tenured generation   total 10944K, used 5459K [0x09f50000, 0x0aa00000, 0x14a00000)
   the space 10944K,  49% used [0x09f50000, 0x0a4a4cd8, 0x0a4a4e00, 0x0aa00000)
 Metaspace       used 8260K, capacity 8466K, committed 8576K, reserved 8576K
}

Deoptimization events (0 events):
No events

Internal exceptions (10 events):
Event: 0.210 Thread 0x0280d800 Exception <a 'java/lang/ClassNotFoundException': ToolBar> (0x04da1608) thrown at [C:\workspace\8-2-build-windows-i586-cygwin\jdk8u141\9370\hotspot\src\share\vm\classfile\systemDictionary.cpp, line 210]
Event: 0.210 Thread 0x0280d800 Exception <a 'java/lang/ClassNotFoundException': ToggleButton> (0x04da1b50) thrown at [C:\workspace\8-2-build-windows-i586-cygwin\jdk8u141\9370\hotspot\src\share\vm\classfile\systemDictionary.cpp, line 210]
Event: 0.210 Thread 0x0280d800 Exception <a 'java/lang/ClassNotFoundException': javax/swing/JToolBarSeparator> (0x04da1f58) thrown at [C:\workspace\8-2-build-windows-i586-cygwin\jdk8u141\9370\hotspot\src\share\vm\classfile\systemDictionary.cpp, line 210]
Event: 0.210 Thread 0x0280d800 Exception <a 'java/lang/ClassNotFoundException': ToolBarSeparator> (0x04da23b0) thrown at [C:\workspace\8-2-build-windows-i586-cygwin\jdk8u141\9370\hotspot\src\share\vm\classfile\systemDictionary.cpp, line 210]
Event: 0.210 Thread 0x0280d800 Exception <a 'java/lang/ClassNotFoundException': ToolTip> (0x04da2a58) thrown at [C:\workspace\8-2-build-windows-i586-cygwin\jdk8u141\9370\hotspot\src\share\vm\classfile\systemDictionary.cpp, line 210]
Event: 0.211 Thread 0x0280d800 Exception <a 'java/lang/ClassNotFoundException': Tree> (0x04da3540) thrown at [C:\workspace\8-2-build-windows-i586-cygwin\jdk8u141\9370\hotspot\src\share\vm\classfile\systemDictionary.cpp, line 210]
Event: 0.211 Thread 0x0280d800 Exception <a 'java/lang/ClassNotFoundException': Tree> (0x04da3be0) thrown at [C:\workspace\8-2-build-windows-i586-cygwin\jdk8u141\9370\hotspot\src\share\vm\classfile\systemDictionary.cpp, line 210]
Event: 0.211 Thread 0x0280d800 Exception <a 'java/lang/ClassNotFoundException': javax/swing/JTreeCell> (0x04da3f18) thrown at [C:\workspace\8-2-build-windows-i586-cygwin\jdk8u141\9370\hotspot\src\share\vm\classfile\systemDictionary.cpp, line 210]
Event: 0.211 Thread 0x0280d800 Exception <a 'java/lang/ClassNotFoundException': TreeCell> (0x04da4360) thrown at [C:\workspace\8-2-build-windows-i586-cygwin\jdk8u141\9370\hotspot\src\share\vm\classfile\systemDictionary.cpp, line 210]
Event: 0.211 Thread 0x0280d800 Exception <a 'java/lang/ClassNotFoundException': RootPane> (0x04da4cd8) thrown at [C:\workspace\8-2-build-windows-i586-cygwin\jdk8u141\9370\hotspot\src\share\vm\classfile\systemDictionary.cpp, line 210]

Events (10 events):
Event: 10.480 loading class com/googlecode/javacv/cpp/opencv_imgproc$CvDistanceFunction
Event: 10.480 loading class com/googlecode/javacv/cpp/opencv_imgproc$CvDistanceFunction done
Event: 10.480 loading class com/googlecode/javacv/cpp/opencv_imgproc$CvFeatureTree
Event: 10.480 loading class com/googlecode/javacv/cpp/opencv_imgproc$CvFeatureTree done
Event: 10.480 loading class com/googlecode/javacv/cpp/opencv_imgproc$CvContourScanner
Event: 10.480 loading class com/googlecode/javacv/cpp/opencv_imgproc$CvContourScanner done
Event: 10.481 loading class java/nio/FloatBuffer
Event: 10.481 loading class java/nio/FloatBuffer done
Event: 10.494 Thread 0x15736400 Thread added: 0x15736400
Event: 10.509 Thread 0x15736c00 Thread added: 0x15736c00


Dynamic libraries:
0x009a0000 - 0x009d3000 	C:\Program Files (x86)\Java\jdk1.8.0_141\bin\java.exe
0x77df0000 - 0x77f7e000 	C:\WINDOWS\SYSTEM32\ntdll.dll
0x76060000 - 0x76130000 	C:\WINDOWS\System32\KERNEL32.DLL
0x75370000 - 0x75532000 	C:\WINDOWS\System32\KERNELBASE.dll
0x73d10000 - 0x73da3000 	C:\WINDOWS\SYSTEM32\apphelp.dll
0x75ec0000 - 0x75f37000 	C:\WINDOWS\System32\ADVAPI32.dll
0x74f50000 - 0x7500d000 	C:\WINDOWS\System32\msvcrt.dll
0x75d60000 - 0x75da1000 	C:\WINDOWS\System32\sechost.dll
0x77bb0000 - 0x77c70000 	C:\WINDOWS\System32\RPCRT4.dll
0x75310000 - 0x75330000 	C:\WINDOWS\System32\SspiCli.dll
0x75300000 - 0x7530a000 	C:\WINDOWS\System32\CRYPTBASE.dll
0x74e00000 - 0x74e57000 	C:\WINDOWS\System32\bcryptPrimitives.dll
0x776b0000 - 0x777ec000 	C:\WINDOWS\System32\USER32.dll
0x75570000 - 0x75586000 	C:\WINDOWS\System32\win32u.dll
0x75e10000 - 0x75e31000 	C:\WINDOWS\System32\GDI32.dll
0x75010000 - 0x75168000 	C:\WINDOWS\System32\gdi32full.dll
0x777f0000 - 0x77869000 	C:\WINDOWS\System32\msvcp_win.dll
0x75f40000 - 0x76058000 	C:\WINDOWS\System32\ucrtbase.dll
0x731f0000 - 0x733fe000 	C:\WINDOWS\WinSxS\x86_microsoft.windows.common-controls_6595b64144ccf1df_6.0.15063.483_none_6dad63fefc436da8\COMCTL32.dll
0x77910000 - 0x77b48000 	C:\WINDOWS\System32\combase.dll
0x75540000 - 0x75565000 	C:\WINDOWS\System32\IMM32.DLL
0x71b70000 - 0x71c2f000 	C:\Program Files (x86)\Java\jdk1.8.0_141\jre\bin\msvcr100.dll
0x6d4d0000 - 0x6d89e000 	C:\Program Files (x86)\Java\jdk1.8.0_141\jre\bin\client\jvm.dll
0x75d40000 - 0x75d46000 	C:\WINDOWS\System32\PSAPI.DLL
0x746c0000 - 0x746c8000 	C:\WINDOWS\SYSTEM32\VERSION.dll
0x73c50000 - 0x73c74000 	C:\WINDOWS\SYSTEM32\WINMM.dll
0x73550000 - 0x73558000 	C:\WINDOWS\SYSTEM32\WSOCK32.dll
0x756e0000 - 0x75747000 	C:\WINDOWS\System32\WS2_32.dll
0x73520000 - 0x73543000 	C:\WINDOWS\SYSTEM32\winmmbase.dll
0x75330000 - 0x75369000 	C:\WINDOWS\System32\cfgmgr32.dll
0x72740000 - 0x7274c000 	C:\Program Files (x86)\Java\jdk1.8.0_141\jre\bin\verify.dll
0x71b10000 - 0x71b31000 	C:\Program Files (x86)\Java\jdk1.8.0_141\jre\bin\java.dll
0x71af0000 - 0x71b03000 	C:\Program Files (x86)\Java\jdk1.8.0_141\jre\bin\zip.dll
0x762b0000 - 0x775f8000 	C:\WINDOWS\System32\SHELL32.dll
0x77880000 - 0x7790c000 	C:\WINDOWS\System32\shcore.dll
0x757b0000 - 0x75d37000 	C:\WINDOWS\System32\windows.storage.dll
0x75750000 - 0x75795000 	C:\WINDOWS\System32\shlwapi.dll
0x76130000 - 0x7613e000 	C:\WINDOWS\System32\kernel.appcore.dll
0x77660000 - 0x776a5000 	C:\WINDOWS\System32\powrprof.dll
0x75d50000 - 0x75d60000 	C:\WINDOWS\System32\profapi.dll
0x6d380000 - 0x6d4c5000 	C:\Program Files (x86)\Java\jdk1.8.0_141\jre\bin\awt.dll
0x747b0000 - 0x74846000 	C:\WINDOWS\System32\OLEAUT32.dll
0x725e0000 - 0x72658000 	C:\WINDOWS\system32\uxtheme.dll
0x75590000 - 0x756d6000 	C:\WINDOWS\System32\MSCTF.dll
0x73190000 - 0x731b3000 	C:\WINDOWS\system32\dwmapi.dll
0x74850000 - 0x74943000 	C:\WINDOWS\System32\ole32.dll
0x6f020000 - 0x6f059000 	C:\Program Files (x86)\Java\jdk1.8.0_141\jre\bin\fontmanager.dll
0x6a650000 - 0x6a72f000 	C:\WINDOWS\system32\opengl32.dll
0x71aa0000 - 0x71ac5000 	C:\WINDOWS\SYSTEM32\GLU32.dll
0x74950000 - 0x749d3000 	C:\WINDOWS\System32\clbcatq.dll
0x6e390000 - 0x6e502000 	C:\WINDOWS\SYSTEM32\WindowsCodecs.dll
0x6d330000 - 0x6d373000 	C:\WINDOWS\system32\dataexchange.dll
0x6a050000 - 0x6a2a2000 	C:\WINDOWS\system32\d3d11.dll
0x69f60000 - 0x6a04b000 	C:\WINDOWS\system32\dcomp.dll
0x69ed0000 - 0x69f5a000 	C:\WINDOWS\system32\dxgi.dll
0x6e550000 - 0x6e686000 	C:\WINDOWS\system32\twinapi.appcore.dll
0x743e0000 - 0x743f8000 	C:\WINDOWS\system32\bcrypt.dll
0x71ad0000 - 0x71ae6000 	C:\Program Files (x86)\Java\jdk1.8.0_141\jre\bin\net.dll
0x72830000 - 0x7287e000 	C:\WINDOWS\system32\mswsock.dll
0x72430000 - 0x7243f000 	C:\Program Files (x86)\Java\jdk1.8.0_141\jre\bin\nio.dll
0x6efe0000 - 0x6f012000 	C:\Program Files (x86)\Java\jdk1.8.0_141\jre\bin\t2k.dll
0x6a570000 - 0x6a5d7000 	C:\WINDOWS\System32\TextInputFramework.dll
0x6a340000 - 0x6a567000 	C:\WINDOWS\System32\CoreUIComponents.dll
0x6a2b0000 - 0x6a33f000 	C:\WINDOWS\System32\CoreMessaging.dll
0x72800000 - 0x72828000 	C:\WINDOWS\SYSTEM32\ntmarta.dll
0x6e9b0000 - 0x6ea81000 	C:\WINDOWS\SYSTEM32\wintypes.dll
0x6de90000 - 0x6dea0000 	C:\WINDOWS\SYSTEM32\usermgrcli.dll
0x6e520000 - 0x6e544000 	C:\Program Files (x86)\Java\jdk1.8.0_141\jre\bin\dcpr.dll
0x672a0000 - 0x6735e000 	C:\Users\jaydutt\AppData\Local\Temp\javacpp622192879806519\msvcr100.dll
0x66fe0000 - 0x67049000 	C:\Users\jaydutt\AppData\Local\Temp\javacpp622192879806519\msvcp100.dll
0x17a60000 - 0x18996000 	C:\Users\jaydutt\AppData\Local\Temp\javacpp622192879806519\opencv_ffmpeg248.dll
0x63250000 - 0x63456000 	C:\Users\jaydutt\AppData\Local\Temp\javacpp622192879806519\opencv_core248.dll
0x62fe0000 - 0x6324b000 	C:\Users\jaydutt\AppData\Local\Temp\javacpp622192879806519\opencv_imgproc248.dll
0x62dd0000 - 0x62fd7000 	C:\Users\jaydutt\AppData\Local\Temp\javacpp622192879806519\opencv_highgui248.dll
0x6e210000 - 0x6e232000 	C:\WINDOWS\SYSTEM32\MSVFW32.dll
0x6e310000 - 0x6e324000 	C:\WINDOWS\SYSTEM32\AVICAP32.dll
0x6e1f0000 - 0x6e20b000 	C:\WINDOWS\SYSTEM32\AVIFIL32.dll
0x6dea0000 - 0x6deb8000 	C:\WINDOWS\SYSTEM32\MSACM32.dll
0x66560000 - 0x66604000 	C:\Users\jaydutt\AppData\Local\Temp\javacpp622192879806519\opencv_objdetect248.dll
0x69e00000 - 0x69e3c000 	C:\Users\jaydutt\AppData\Local\Temp\javacpp622192879806519\jniopencv_objdetect.dll
0x63720000 - 0x63795000 	C:\Users\jaydutt\AppData\Local\Temp\javacpp622192879806519\jniopencv_core.dll
0x636a0000 - 0x6371c000 	C:\Users\jaydutt\AppData\Local\Temp\javacpp622192879806519\opencv_flann248.dll
0x62d10000 - 0x62dc2000 	C:\Users\jaydutt\AppData\Local\Temp\javacpp622192879806519\opencv_features2d248.dll
0x62c40000 - 0x62d04000 	C:\Users\jaydutt\AppData\Local\Temp\javacpp622192879806519\opencv_calib3d248.dll
0x66cb0000 - 0x66d0d000 	C:\Users\jaydutt\AppData\Local\Temp\javacpp622192879806519\opencv_video248.dll
0x63620000 - 0x636a0000 	C:\Users\jaydutt\AppData\Local\Temp\javacpp622192879806519\opencv_ml248.dll
0x62b20000 - 0x62c3c000 	C:\Users\jaydutt\AppData\Local\Temp\javacpp622192879806519\opencv_contrib248.dll
0x62ad0000 - 0x62b17000 	C:\Users\jaydutt\AppData\Local\Temp\javacpp622192879806519\jniopencv_contrib.dll
0x71ef0000 - 0x71eff000 	C:\Users\jaydutt\AppData\Local\Temp\javacpp622192879806519\jniopencv_highgui.dll
0x67260000 - 0x67299000 	C:\Users\jaydutt\AppData\Local\Temp\javacpp622192879806519\jniopencv_imgproc.dll
0x6de50000 - 0x6de65000 	C:\Windows\System32\devenum.dll
0x749e0000 - 0x74dfa000 	C:\WINDOWS\System32\setupapi.dll
0x734f0000 - 0x73512000 	C:\WINDOWS\SYSTEM32\DEVOBJ.dll
0x77610000 - 0x77654000 	C:\WINDOWS\System32\WINTRUST.dll
0x77600000 - 0x7760e000 	C:\WINDOWS\System32\MSASN1.dll
0x77c70000 - 0x77ded000 	C:\WINDOWS\System32\CRYPT32.dll
0x71410000 - 0x71419000 	C:\WINDOWS\SYSTEM32\msdmo.dll
0x62a90000 - 0x62aca000 	C:\Windows\System32\qcap.dll
0x5b8f0000 - 0x5ba93000 	C:\Windows\System32\quartz.dll
0x62a50000 - 0x62a85000 	C:\Windows\System32\mfksproxy.dll
0x66ab0000 - 0x66adc000 	C:\Windows\System32\MFSENSORGROUP.dll
0x69de0000 - 0x69df8000 	C:\Windows\System32\ATL.DLL
0x661a0000 - 0x66305000 	C:\Windows\System32\MFPlat.DLL
0x6e1b0000 - 0x6e1da000 	C:\Windows\System32\RTWorkQ.DLL
0x62a10000 - 0x62a4c000 	C:\Windows\System32\ksproxy.ax
0x682d0000 - 0x68432000 	C:\Windows\System32\d3d9.dll
0x710d0000 - 0x710d7000 	C:\Windows\System32\ksuser.dll
0x71190000 - 0x711f4000 	C:\WINDOWS\SYSTEM32\policymanager.dll
0x71120000 - 0x71186000 	C:\Windows\System32\msvcp110_win.dll
0x709b0000 - 0x709bc000 	C:\Windows\System32\vidcap.ax
0x6a5f0000 - 0x6a610000 	C:\Windows\System32\kswdmcap.ax
0x73060000 - 0x7318d000 	C:\Windows\System32\MFC42.dll
0x62980000 - 0x62a0e000 	C:\Windows\System32\qedit.dll
0x74e60000 - 0x74f4f000 	C:\WINDOWS\System32\COMDLG32.dll
0x71880000 - 0x719e6000 	C:\WINDOWS\WinSxS\x86_microsoft.windows.gdiplus_6595b64144ccf1df_1.1.15063.608_none_9e9d5d4256d15def\gdiplus.dll
0x74530000 - 0x7468d000 	C:\WINDOWS\SYSTEM32\dbghelp.dll
0x73400000 - 0x734ed000 	C:\Windows\System32\DDRAW.dll
0x728e0000 - 0x728e7000 	C:\Windows\System32\DCIMAN32.dll
0x5f6a0000 - 0x5f70d000 	C:\WINDOWS\SYSTEM32\D3DIM700.DLL

VM Arguments:
jvm_args: -Dfile.encoding=UTF-8 -Djava.library.path=C:\opencv\build\java\x86 -Djava.security.policy=applet.policy -Djavacpp.platform.dependencies=true 
java_command: miniproject.gui.MainPage
java_class_path (initial): C:\Users\jaydutt\Documents\NetBeansProjects\miniProject\library\activation-1.1.jar;C:\Users\jaydutt\Documents\NetBeansProjects\miniProject\library\activation-2.2.1.jar;C:\Users\jaydutt\Documents\NetBeansProjects\miniProject\library\artoolkitplus-2.3.1-1.4.jar;C:\Users\jaydutt\Documents\NetBeansProjects\miniProject\library\core-3.3.0.jar;C:\Users\jaydutt\Documents\NetBeansProjects\miniProject\library\ffmpeg-3.4.1-1.4.jar;C:\Users\jaydutt\Documents\NetBeansProjects\miniProject\library\ffmpeg-windows-x86.jar;C:\Users\jaydutt\Documents\NetBeansProjects\miniProject\library\ffmpeg-windows-x86_64.jar;C:\Users\jaydutt\Documents\NetBeansProjects\miniProject\library\flandmark-1.07-1.4.jar;C:\Users\jaydutt\Documents\NetBeansProjects\miniProject\library\flycapture-2.11.3.121-1.4.jar;C:\Users\jaydutt\Documents\NetBeansProjects\miniProject\library\javacpp-1.4.jar;C:\Users\jaydutt\Documents\NetBeansProjects\miniProject\library\javacpp.jar;C:\Users\jaydutt\Documents\NetBeansProjects\miniProject\library\javacv-1.4.jar;C:\Users\jaydutt\Documents\NetBeansProjects\miniProject\library\javacv.jar;C:\Users\jaydutt\Documents\NetBeansProjects\miniProject\library\javase-3.3.0.jar;C:\Users\jaydutt\Documents\NetBeansProjects\miniProject\library\jcommon-1.0.23.jar;C:\Users\jaydutt\Documents\NetBeansProjects\miniProject\library\jfreechart-1.0.19.jar;C:\Users\jaydutt\Documents\NetBeansProjects\miniProject\library\libdc1394-2.2.5-1.4.jar;C:\Users\jaydutt\Documents\NetBeansProjects\miniProject\library\libfreenect-0.5.3-1.4.jar;C:\Users\jaydutt\Documents\NetBeansProjects\miniProject\library\libfreenect-windows-x86.jar;C:\Users\jaydutt\Documents\NetBeansProjects\miniProject\library\libfreenect-windows-x86_64.jar;C:\Users\jaydutt\Documents\NetBeansProjects\miniProject\library\libfreenect2-0.2.0-1.4.jar;C:\Users\jaydutt\Documents\NetBeansProjects\miniProject\library\libfreenect2-windows-x86_64.jar;C:\Users\jaydutt\Documents\NetBeansProjects\miniProject\library\librealsense-
Launcher Type: SUN_STANDARD

Environment Variables:
JAVA_HOME=C:\Program Files\Java\jdk1.8.0_161
PATH=C:\Program Files (x86)\Intel\iCLS Client\;C:\ProgramData\Oracle\Java\javapath;C:\Program Files\Intel\iCLS Client\;C:\windows\system32;C:\windows;C:\windows\System32\Wbem;C:\windows\System32\WindowsPowerShell\v1.0\;C:\Program Files (x86)\NVIDIA Corporation\PhysX\Common;C:\Program Files (x86)\Java\jre1.8.0_141;C:\Program Files (x86)\Java\jdk1.8.0_141/bin;C:\Program Files\Intel\WiFi\bin\;C:\Program Files\Common Files\Intel\WirelessCommon\;C:\WINDOWS\system32;C:\WINDOWS;C:\WINDOWS\System32\Wbem;C:\WINDOWS\System32\WindowsPowerShell\v1.0\;C:\Users\jaydutt\AppData\Local\Microsoft\WindowsApps;C:\adb;C:\Program Files (x86)\Intel\Intel(R) Management Engine Components\DAL;C:\Program Files\Intel\Intel(R) Management Engine Components\DAL;C:\Program Files (x86)\Intel\Intel(R) Management Engine Components\IPT;C:\Program Files\Intel\Intel(R) Management Engine Components\IPT;C:\sqlight\sqlite-tools-win32-x86-3220000;C:\Program Files\Java\jdk1.8.0_161;C:\Program Files\Java\jre1.8.0_161;C:\opencv\build\x86\vc10\bin;C:\opencv\build\java;C:\Users\jaydutt\AppData\Local\Microsoft\WindowsApps;C:\Users\jaydutt\AppData\Local\GitHubDesktop\bin
USERNAME=jaydutt
OS=Windows_NT
PROCESSOR_IDENTIFIER=Intel64 Family 6 Model 158 Stepping 9, GenuineIntel



---------------  S Y S T E M  ---------------

OS: Windows 10.0 , 64 bit Build 15063 (10.0.15063.296)

CPU:total 8 (initial active 8) (4 cores per cpu, 2 threads per core) family 6 model 158 stepping 9, cmov, cx8, fxsr, mmx, sse, sse2, sse3, ssse3, sse4.1, sse4.2, popcnt, avx, avx2, aes, clmul, erms, 3dnowpref, lzcnt, ht, tsc, tscinvbit, bmi1, bmi2, adx

Memory: 4k page, physical 16659684k(11031120k free), swap 33436900k(27248732k free)

vm_info: Java HotSpot(TM) Client VM (25.141-b15) for windows-x86 JRE (1.8.0_141-b15), built on Jul 12 2017 04:25:45 by "java_re" with MS VC++ 10.0 (VS2010)

time: Sat Mar 31 18:04:55 2018
elapsed time: 10 seconds (0d 0h 0m 10s)

